<?xml version="1.0" encoding="UTF-8"?>
<!-- Generated by org.testng.reporters.JUnitReportReporter -->
<testsuite hostname="L-7021" failures="0" tests="2" name="MVC.FirstClass" time="22.516" errors="0" timestamp="2023-09-01T17:46:35 PKT" skipped="0">
  <testcase classname="MVC.FirstClass" name="Login" time="5.633"/>
  <testcase classname="MVC.FirstClass" name="cart" time="16.883"/>
</testsuite> <!-- MVC.FirstClass -->
